2026-05-19 12:20:30,445 | INFO | FastAPI Server starting...
2026-05-19 12:20:30,446 | INFO | BD inicializada en C:\2026 AI EGIOC5\Antigravity JS\proyectos\Proy_03_RadarFondos\data\radar.db
2026-05-19 12:20:30,447 | INFO | Background Worker started (interval: 600s)
2026-05-19 12:20:30,447 | INFO | [Engine] Iniciando barrido de portales internacionales...
2026-05-19 12:20:32,112 | ERROR | [Worker Error]: No module named 'agents.scraper_core'; 'agents' is not a package
2026-05-19 12:21:25,879 | INFO | FastAPI Server starting...
2026-05-19 12:21:25,880 | INFO | BD inicializada en C:\2026 AI EGIOC5\Antigravity JS\proyectos\Proy_03_RadarFondos\data\radar.db
2026-05-19 12:21:25,880 | INFO | Background Worker started (interval: 600s)
2026-05-19 12:21:25,883 | INFO | [Engine] Iniciando barrido de portales internacionales...
2026-05-19 12:21:26,146 | INFO | ============================================================
2026-05-19 12:21:26,147 | INFO | SCRAPER CORE - INICIANDO BARRIDO
2026-05-19 12:21:26,147 | INFO | ============================================================
2026-05-19 12:21:26,147 | INFO | Scraping GIZ...
2026-05-19 12:21:27,958 | ERROR | Error en scraper GIZ: no such column: externo_id
2026-05-19 12:21:27,959 | INFO | Scraping BID...
2026-05-19 12:21:28,472 | INFO | Scraping PNUD...
2026-05-19 12:21:29,568 | INFO | Scraping USAID...
2026-05-19 12:21:31,432 | INFO | Scraping CAF...
2026-05-19 12:21:31,959 | WARNING | CAF scrap error (https://www.caf.com/es/convocatorias/): HTTPSConnectionPool(host='www.caf.com', port=443): Max retries exceeded with url: /es/convocatorias/ (Caused by SSLError(SSLCertVerificationError(1, '[SSL: CERTIFICATE_VERIFY_FAILED] certificate verify failed: unable to get local issuer certificate (_ssl.c:1081)')))
2026-05-19 12:21:32,306 | WARNING | CAF scrap error (https://www.caf.com/en/projects/): HTTPSConnectionPool(host='www.caf.com', port=443): Max retries exceeded with url: /en/projects/ (Caused by SSLError(SSLCertVerificationError(1, '[SSL: CERTIFICATE_VERIFY_FAILED] certificate verify failed: unable to get local issuer certificate (_ssl.c:1081)')))
2026-05-19 12:21:32,306 | INFO | ============================================================
2026-05-19 12:21:32,306 | INFO | BARRIDO COMPLETADO: 2 extraidos, 0 nuevos
2026-05-19 12:21:32,307 | INFO | ============================================================
2026-05-19 12:21:32,307 | INFO | [Engine] Sin nuevas convocatorias en este ciclo
2026-05-19 12:24:57,747 | INFO | FastAPI Server starting...
2026-05-19 12:24:57,748 | INFO | BD inicializada en C:\2026 AI EGIOC5\Antigravity JS\proyectos\Proy_03_RadarFondos\data\radar.db
2026-05-19 12:24:57,748 | INFO | Background Worker started (interval: 600s)
2026-05-19 12:24:57,748 | INFO | [Engine] Iniciando barrido de portales internacionales...
2026-05-19 12:24:58,009 | INFO | ============================================================
2026-05-19 12:24:58,009 | INFO | SCRAPER CORE - INICIANDO BARRIDO
2026-05-19 12:24:58,009 | INFO | ============================================================
2026-05-19 12:24:58,009 | INFO | Scraping GIZ...
2026-05-19 12:24:59,685 | ERROR | Error en scraper GIZ: no such column: externo_id
2026-05-19 12:24:59,686 | INFO | Scraping BID...
2026-05-19 12:25:00,243 | INFO | Scraping PNUD...
2026-05-19 12:25:01,047 | INFO | Scraping USAID...
2026-05-19 12:25:02,854 | INFO | Scraping CAF...
2026-05-19 12:25:03,223 | WARNING | CAF scrap error (https://www.caf.com/es/convocatorias/): HTTPSConnectionPool(host='www.caf.com', port=443): Max retries exceeded with url: /es/convocatorias/ (Caused by SSLError(SSLCertVerificationError(1, '[SSL: CERTIFICATE_VERIFY_FAILED] certificate verify failed: unable to get local issuer certificate (_ssl.c:1081)')))
2026-05-19 12:25:03,535 | WARNING | CAF scrap error (https://www.caf.com/en/projects/): HTTPSConnectionPool(host='www.caf.com', port=443): Max retries exceeded with url: /en/projects/ (Caused by SSLError(SSLCertVerificationError(1, '[SSL: CERTIFICATE_VERIFY_FAILED] certificate verify failed: unable to get local issuer certificate (_ssl.c:1081)')))
2026-05-19 12:25:03,535 | INFO | ============================================================
2026-05-19 12:25:03,535 | INFO | BARRIDO COMPLETADO: 2 extraidos, 0 nuevos
2026-05-19 12:25:03,536 | INFO | ============================================================
2026-05-19 12:25:03,536 | INFO | [Engine] Sin nuevas convocatorias en este ciclo
2026-05-19 12:25:39,021 | INFO | FastAPI Server starting...
2026-05-19 12:25:39,021 | INFO | BD inicializada en C:\2026 AI EGIOC5\Antigravity JS\proyectos\Proy_03_RadarFondos\backend\radar.db
2026-05-19 12:25:39,022 | INFO | Background Worker started (interval: 600s)
2026-05-19 12:25:39,022 | INFO | [Engine] Iniciando barrido de portales internacionales...
2026-05-19 12:25:39,283 | INFO | ============================================================
2026-05-19 12:25:39,283 | INFO | SCRAPER CORE - INICIANDO BARRIDO
2026-05-19 12:25:39,284 | INFO | ============================================================
2026-05-19 12:25:39,284 | INFO | Scraping GIZ...
2026-05-19 12:25:40,981 | ERROR | Error en scraper GIZ: no such column: externo_id
2026-05-19 12:25:40,981 | INFO | Scraping BID...
2026-05-19 12:25:41,577 | INFO | Scraping PNUD...
2026-05-19 12:25:42,455 | INFO | Scraping USAID...
2026-05-19 12:25:43,726 | INFO | Scraping CAF...
2026-05-19 12:25:44,143 | WARNING | CAF scrap error (https://www.caf.com/es/convocatorias/): HTTPSConnectionPool(host='www.caf.com', port=443): Max retries exceeded with url: /es/convocatorias/ (Caused by SSLError(SSLCertVerificationError(1, '[SSL: CERTIFICATE_VERIFY_FAILED] certificate verify failed: unable to get local issuer certificate (_ssl.c:1081)')))
2026-05-19 12:25:44,472 | WARNING | CAF scrap error (https://www.caf.com/en/projects/): HTTPSConnectionPool(host='www.caf.com', port=443): Max retries exceeded with url: /en/projects/ (Caused by SSLError(SSLCertVerificationError(1, '[SSL: CERTIFICATE_VERIFY_FAILED] certificate verify failed: unable to get local issuer certificate (_ssl.c:1081)')))
2026-05-19 12:25:44,473 | INFO | ============================================================
2026-05-19 12:25:44,473 | INFO | BARRIDO COMPLETADO: 2 extraidos, 0 nuevos
2026-05-19 12:25:44,473 | INFO | ============================================================
2026-05-19 12:25:44,473 | INFO | [Engine] Sin nuevas convocatorias en este ciclo
2026-05-19 12:31:09,750 | INFO | FastAPI Server starting...
2026-05-19 12:31:09,751 | INFO | BD inicializada en C:\2026 AI EGIOC5\Antigravity JS\proyectos\Proy_03_RadarFondos\backend\radar.db
2026-05-19 12:31:09,752 | INFO | Background Worker started (interval: 600s)
2026-05-19 12:31:09,753 | INFO | [Engine] Iniciando barrido de portales internacionales...
2026-05-19 12:31:10,032 | INFO | ============================================================
2026-05-19 12:31:10,033 | INFO | SCRAPER CORE - INICIANDO BARRIDO
2026-05-19 12:31:10,033 | INFO | ============================================================
2026-05-19 12:31:10,033 | INFO | Scraping GIZ...
2026-05-19 12:31:11,888 | ERROR | Error en scraper GIZ: no such column: externo_id
2026-05-19 12:31:11,888 | INFO | Scraping BID...
2026-05-19 12:31:12,389 | INFO | Scraping PNUD...
2026-05-19 12:31:13,219 | INFO | Scraping USAID...
2026-05-19 12:31:14,875 | INFO | Scraping CAF...
2026-05-19 12:31:15,249 | WARNING | CAF scrap error (https://www.caf.com/es/convocatorias/): HTTPSConnectionPool(host='www.caf.com', port=443): Max retries exceeded with url: /es/convocatorias/ (Caused by SSLError(SSLCertVerificationError(1, '[SSL: CERTIFICATE_VERIFY_FAILED] certificate verify failed: unable to get local issuer certificate (_ssl.c:1081)')))
2026-05-19 12:31:15,595 | WARNING | CAF scrap error (https://www.caf.com/en/projects/): HTTPSConnectionPool(host='www.caf.com', port=443): Max retries exceeded with url: /en/projects/ (Caused by SSLError(SSLCertVerificationError(1, '[SSL: CERTIFICATE_VERIFY_FAILED] certificate verify failed: unable to get local issuer certificate (_ssl.c:1081)')))
2026-05-19 12:31:15,596 | INFO | ============================================================
2026-05-19 12:31:15,596 | INFO | BARRIDO COMPLETADO: 2 extraidos, 0 nuevos
2026-05-19 12:31:15,596 | INFO | ============================================================
2026-05-19 12:31:15,596 | INFO | [Engine] Sin nuevas convocatorias en este ciclo
2026-05-19 12:41:15,607 | INFO | [Engine] Iniciando barrido de portales internacionales...
2026-05-19 12:41:15,610 | INFO | ============================================================
2026-05-19 12:41:15,610 | INFO | SCRAPER CORE - INICIANDO BARRIDO
2026-05-19 12:41:15,611 | INFO | ============================================================
2026-05-19 12:41:15,612 | INFO | Scraping GIZ...
2026-05-19 12:41:17,582 | ERROR | Error en scraper GIZ: no such column: externo_id
2026-05-19 12:41:17,582 | INFO | Scraping BID...
2026-05-19 12:41:18,132 | INFO | Scraping PNUD...
2026-05-19 12:41:19,082 | INFO | Scraping USAID...
2026-05-19 12:41:20,784 | INFO | Scraping CAF...
2026-05-19 12:41:21,154 | WARNING | CAF scrap error (https://www.caf.com/es/convocatorias/): HTTPSConnectionPool(host='www.caf.com', port=443): Max retries exceeded with url: /es/convocatorias/ (Caused by SSLError(SSLCertVerificationError(1, '[SSL: CERTIFICATE_VERIFY_FAILED] certificate verify failed: unable to get local issuer certificate (_ssl.c:1081)')))
2026-05-19 12:41:21,452 | WARNING | CAF scrap error (https://www.caf.com/en/projects/): HTTPSConnectionPool(host='www.caf.com', port=443): Max retries exceeded with url: /en/projects/ (Caused by SSLError(SSLCertVerificationError(1, '[SSL: CERTIFICATE_VERIFY_FAILED] certificate verify failed: unable to get local issuer certificate (_ssl.c:1081)')))
2026-05-19 12:41:21,452 | INFO | ============================================================
2026-05-19 12:41:21,453 | INFO | BARRIDO COMPLETADO: 2 extraidos, 0 nuevos
2026-05-19 12:41:21,453 | INFO | ============================================================
2026-05-19 12:41:21,453 | INFO | [Engine] Sin nuevas convocatorias en este ciclo
2026-05-19 12:51:21,463 | INFO | [Engine] Iniciando barrido de portales internacionales...
2026-05-19 12:51:21,464 | INFO | ============================================================
2026-05-19 12:51:21,465 | INFO | SCRAPER CORE - INICIANDO BARRIDO
2026-05-19 12:51:21,465 | INFO | ============================================================
2026-05-19 12:51:21,465 | INFO | Scraping GIZ...
2026-05-19 12:51:23,285 | ERROR | Error en scraper GIZ: no such column: externo_id
2026-05-19 12:51:23,285 | INFO | Scraping BID...
2026-05-19 12:51:23,728 | INFO | Scraping PNUD...
2026-05-19 12:51:24,487 | INFO | Scraping USAID...
2026-05-19 12:51:26,353 | INFO | Scraping CAF...
2026-05-19 12:51:26,727 | WARNING | CAF scrap error (https://www.caf.com/es/convocatorias/): HTTPSConnectionPool(host='www.caf.com', port=443): Max retries exceeded with url: /es/convocatorias/ (Caused by SSLError(SSLCertVerificationError(1, '[SSL: CERTIFICATE_VERIFY_FAILED] certificate verify failed: unable to get local issuer certificate (_ssl.c:1081)')))
2026-05-19 12:51:27,037 | WARNING | CAF scrap error (https://www.caf.com/en/projects/): HTTPSConnectionPool(host='www.caf.com', port=443): Max retries exceeded with url: /en/projects/ (Caused by SSLError(SSLCertVerificationError(1, '[SSL: CERTIFICATE_VERIFY_FAILED] certificate verify failed: unable to get local issuer certificate (_ssl.c:1081)')))
2026-05-19 12:51:27,037 | INFO | ============================================================
2026-05-19 12:51:27,037 | INFO | BARRIDO COMPLETADO: 2 extraidos, 0 nuevos
2026-05-19 12:51:27,037 | INFO | ============================================================
2026-05-19 12:51:27,037 | INFO | [Engine] Sin nuevas convocatorias en este ciclo
2026-05-19 12:56:43,803 | INFO | FastAPI Server starting...
2026-05-19 12:56:43,804 | INFO | BD inicializada en C:\2026 AI EGIOC5\Antigravity JS\proyectos\Proy_03_RadarFondos\backend\radar.db
2026-05-19 12:56:43,804 | INFO | Background Worker started (interval: 600s)
2026-05-19 12:56:43,805 | INFO | [Engine] Iniciando barrido de portales internacionales...
2026-05-19 12:56:44,064 | INFO | ============================================================
2026-05-19 12:56:44,065 | INFO | SCRAPER CORE - INICIANDO BARRIDO
2026-05-19 12:56:44,065 | INFO | ============================================================
2026-05-19 12:56:44,065 | INFO | Scraping GIZ...
2026-05-19 12:56:45,794 | ERROR | Error en scraper GIZ: no such column: externo_id
2026-05-19 12:56:45,795 | INFO | Scraping BID...
2026-05-19 12:56:46,339 | INFO | Scraping PNUD...
2026-05-19 12:56:47,283 | INFO | Scraping USAID...
2026-05-19 12:56:49,298 | INFO | Scraping CAF...
2026-05-19 12:56:49,679 | WARNING | CAF scrap error (https://www.caf.com/es/convocatorias/): HTTPSConnectionPool(host='www.caf.com', port=443): Max retries exceeded with url: /es/convocatorias/ (Caused by SSLError(SSLCertVerificationError(1, '[SSL: CERTIFICATE_VERIFY_FAILED] certificate verify failed: unable to get local issuer certificate (_ssl.c:1081)')))
2026-05-19 12:56:50,016 | WARNING | CAF scrap error (https://www.caf.com/en/projects/): HTTPSConnectionPool(host='www.caf.com', port=443): Max retries exceeded with url: /en/projects/ (Caused by SSLError(SSLCertVerificationError(1, '[SSL: CERTIFICATE_VERIFY_FAILED] certificate verify failed: unable to get local issuer certificate (_ssl.c:1081)')))
2026-05-19 12:56:50,016 | INFO | ============================================================
2026-05-19 12:56:50,016 | INFO | BARRIDO COMPLETADO: 2 extraidos, 0 nuevos
2026-05-19 12:56:50,016 | INFO | ============================================================
2026-05-19 12:56:50,017 | INFO | [Engine] Sin nuevas convocatorias en este ciclo
2026-05-19 12:58:41,340 | INFO | FastAPI Server starting...
2026-05-19 12:58:41,340 | INFO | BD inicializada en C:\2026 AI EGIOC5\Antigravity JS\proyectos\Proy_03_RadarFondos\backend\radar.db
2026-05-19 12:58:41,340 | INFO | Background Worker started (interval: 600s)
2026-05-19 12:58:41,340 | INFO | [Engine] Iniciando barrido de portales internacionales...
2026-05-19 12:58:41,630 | INFO | ============================================================
2026-05-19 12:58:41,630 | INFO | SCRAPER CORE - INICIANDO BARRIDO
2026-05-19 12:58:41,630 | INFO | ============================================================
2026-05-19 12:58:41,630 | INFO | Scraping GIZ...
2026-05-19 12:58:43,538 | ERROR | Error en scraper GIZ: no such column: externo_id
2026-05-19 12:58:43,539 | INFO | Scraping BID...
2026-05-19 12:58:43,957 | INFO | Scraping PNUD...
2026-05-19 12:58:44,795 | INFO | Scraping USAID...
2026-05-19 12:58:46,805 | INFO | Scraping CAF...
2026-05-19 12:58:47,163 | WARNING | CAF scrap error (https://www.caf.com/es/convocatorias/): HTTPSConnectionPool(host='www.caf.com', port=443): Max retries exceeded with url: /es/convocatorias/ (Caused by SSLError(SSLCertVerificationError(1, '[SSL: CERTIFICATE_VERIFY_FAILED] certificate verify failed: unable to get local issuer certificate (_ssl.c:1081)')))
2026-05-19 12:58:47,476 | WARNING | CAF scrap error (https://www.caf.com/en/projects/): HTTPSConnectionPool(host='www.caf.com', port=443): Max retries exceeded with url: /en/projects/ (Caused by SSLError(SSLCertVerificationError(1, '[SSL: CERTIFICATE_VERIFY_FAILED] certificate verify failed: unable to get local issuer certificate (_ssl.c:1081)')))
2026-05-19 12:58:47,477 | INFO | ============================================================
2026-05-19 12:58:47,477 | INFO | BARRIDO COMPLETADO: 2 extraidos, 0 nuevos
2026-05-19 12:58:47,477 | INFO | ============================================================
2026-05-19 12:58:47,477 | INFO | [Engine] Sin nuevas convocatorias en este ciclo
2026-05-19 12:58:47,479 | INFO | FastAPI Server stopping...
2026-05-19 13:06:50,037 | INFO | [Engine] Iniciando barrido de portales internacionales...
2026-05-19 13:06:50,049 | INFO | ============================================================
2026-05-19 13:06:50,049 | INFO | SCRAPER CORE - INICIANDO BARRIDO
2026-05-19 13:06:50,050 | INFO | ============================================================
2026-05-19 13:06:50,051 | INFO | Scraping GIZ...
2026-05-19 13:06:52,086 | ERROR | Error en scraper GIZ: no such column: externo_id
2026-05-19 13:06:52,086 | INFO | Scraping BID...
2026-05-19 13:06:52,595 | INFO | Scraping PNUD...
2026-05-19 13:06:53,545 | INFO | Scraping USAID...
2026-05-19 13:06:55,520 | INFO | Scraping CAF...
2026-05-19 13:06:55,915 | WARNING | CAF scrap error (https://www.caf.com/es/convocatorias/): HTTPSConnectionPool(host='www.caf.com', port=443): Max retries exceeded with url: /es/convocatorias/ (Caused by SSLError(SSLCertVerificationError(1, '[SSL: CERTIFICATE_VERIFY_FAILED] certificate verify failed: unable to get local issuer certificate (_ssl.c:1081)')))
2026-05-19 13:06:56,232 | WARNING | CAF scrap error (https://www.caf.com/en/projects/): HTTPSConnectionPool(host='www.caf.com', port=443): Max retries exceeded with url: /en/projects/ (Caused by SSLError(SSLCertVerificationError(1, '[SSL: CERTIFICATE_VERIFY_FAILED] certificate verify failed: unable to get local issuer certificate (_ssl.c:1081)')))
2026-05-19 13:06:56,233 | INFO | ============================================================
2026-05-19 13:06:56,233 | INFO | BARRIDO COMPLETADO: 2 extraidos, 0 nuevos
2026-05-19 13:06:56,233 | INFO | ============================================================
2026-05-19 13:06:56,233 | INFO | [Engine] Sin nuevas convocatorias en este ciclo
2026-05-19 13:14:47,395 | INFO | FastAPI Server starting...
2026-05-19 13:14:47,396 | INFO | BD inicializada en C:\2026 AI EGIOC5\Antigravity JS\proyectos\Proy_03_RadarFondos\backend\radar.db
2026-05-19 13:14:47,397 | INFO | Background Worker started (interval: 600s)
2026-05-19 13:14:47,397 | INFO | [Engine] Iniciando barrido de portales internacionales...
2026-05-19 13:14:48,015 | INFO | ============================================================
2026-05-19 13:14:48,016 | INFO | SCRAPER CORE - INICIANDO BARRIDO
2026-05-19 13:14:48,017 | INFO | ============================================================
2026-05-19 13:14:48,017 | INFO | Scraping GIZ...
2026-05-19 13:14:50,041 | ERROR | Error en scraper GIZ: no such column: externo_id
2026-05-19 13:14:50,041 | INFO | Scraping BID...
2026-05-19 13:14:50,494 | INFO | Scraping PNUD...
2026-05-19 13:14:51,678 | INFO | Scraping USAID...
2026-05-19 13:14:53,574 | INFO | Scraping CAF...
2026-05-19 13:14:54,122 | WARNING | CAF scrap error (https://www.caf.com/es/convocatorias/): HTTPSConnectionPool(host='www.caf.com', port=443): Max retries exceeded with url: /es/convocatorias/ (Caused by SSLError(SSLCertVerificationError(1, '[SSL: CERTIFICATE_VERIFY_FAILED] certificate verify failed: unable to get local issuer certificate (_ssl.c:1081)')))
2026-05-19 13:14:54,468 | WARNING | CAF scrap error (https://www.caf.com/en/projects/): HTTPSConnectionPool(host='www.caf.com', port=443): Max retries exceeded with url: /en/projects/ (Caused by SSLError(SSLCertVerificationError(1, '[SSL: CERTIFICATE_VERIFY_FAILED] certificate verify failed: unable to get local issuer certificate (_ssl.c:1081)')))
2026-05-19 13:14:54,469 | INFO | ============================================================
2026-05-19 13:14:54,469 | INFO | BARRIDO COMPLETADO: 2 extraidos, 0 nuevos
2026-05-19 13:14:54,469 | INFO | ============================================================
2026-05-19 13:14:54,469 | INFO | [Engine] Sin nuevas convocatorias en este ciclo
2026-05-19 13:14:54,470 | INFO | FastAPI Server stopping...
2026-05-19 13:16:56,236 | INFO | [Engine] Iniciando barrido de portales internacionales...
2026-05-19 13:16:56,238 | INFO | ============================================================
2026-05-19 13:16:56,238 | INFO | SCRAPER CORE - INICIANDO BARRIDO
2026-05-19 13:16:56,238 | INFO | ============================================================
2026-05-19 13:16:56,238 | INFO | Scraping GIZ...
2026-05-19 13:16:57,984 | ERROR | Error en scraper GIZ: no such column: externo_id
2026-05-19 13:16:57,985 | INFO | Scraping BID...
2026-05-19 13:16:58,397 | INFO | Scraping PNUD...
2026-05-19 13:16:59,211 | INFO | Scraping USAID...
2026-05-19 13:17:01,087 | INFO | Scraping CAF...
2026-05-19 13:17:01,628 | WARNING | CAF scrap error (https://www.caf.com/es/convocatorias/): HTTPSConnectionPool(host='www.caf.com', port=443): Max retries exceeded with url: /es/convocatorias/ (Caused by SSLError(SSLCertVerificationError(1, '[SSL: CERTIFICATE_VERIFY_FAILED] certificate verify failed: unable to get local issuer certificate (_ssl.c:1081)')))
2026-05-19 13:17:01,981 | WARNING | CAF scrap error (https://www.caf.com/en/projects/): HTTPSConnectionPool(host='www.caf.com', port=443): Max retries exceeded with url: /en/projects/ (Caused by SSLError(SSLCertVerificationError(1, '[SSL: CERTIFICATE_VERIFY_FAILED] certificate verify failed: unable to get local issuer certificate (_ssl.c:1081)')))
2026-05-19 13:17:01,981 | INFO | ============================================================
2026-05-19 13:17:01,981 | INFO | BARRIDO COMPLETADO: 2 extraidos, 0 nuevos
2026-05-19 13:17:01,982 | INFO | ============================================================
2026-05-19 13:17:01,982 | INFO | [Engine] Sin nuevas convocatorias en este ciclo
2026-05-19 13:27:01,988 | INFO | [Engine] Iniciando barrido de portales internacionales...
2026-05-19 13:27:01,993 | INFO | ============================================================
2026-05-19 13:27:01,993 | INFO | SCRAPER CORE - INICIANDO BARRIDO
2026-05-19 13:27:01,993 | INFO | ============================================================
2026-05-19 13:27:01,993 | INFO | Scraping GIZ...
2026-05-19 13:27:03,747 | ERROR | Error en scraper GIZ: no such column: externo_id
2026-05-19 13:27:03,748 | INFO | Scraping BID...
2026-05-19 13:27:04,231 | INFO | Scraping PNUD...
2026-05-19 13:27:05,017 | INFO | Scraping USAID...
2026-05-19 13:27:06,071 | INFO | Scraping CAF...
2026-05-19 13:27:06,477 | WARNING | CAF scrap error (https://www.caf.com/es/convocatorias/): HTTPSConnectionPool(host='www.caf.com', port=443): Max retries exceeded with url: /es/convocatorias/ (Caused by SSLError(SSLCertVerificationError(1, '[SSL: CERTIFICATE_VERIFY_FAILED] certificate verify failed: unable to get local issuer certificate (_ssl.c:1081)')))
2026-05-19 13:27:06,797 | WARNING | CAF scrap error (https://www.caf.com/en/projects/): HTTPSConnectionPool(host='www.caf.com', port=443): Max retries exceeded with url: /en/projects/ (Caused by SSLError(SSLCertVerificationError(1, '[SSL: CERTIFICATE_VERIFY_FAILED] certificate verify failed: unable to get local issuer certificate (_ssl.c:1081)')))
2026-05-19 13:27:06,799 | INFO | ============================================================
2026-05-19 13:27:06,800 | INFO | BARRIDO COMPLETADO: 2 extraidos, 0 nuevos
2026-05-19 13:27:06,800 | INFO | ============================================================
2026-05-19 13:27:06,800 | INFO | [Engine] Sin nuevas convocatorias en este ciclo
2026-05-19 13:37:06,817 | INFO | [Engine] Iniciando barrido de portales internacionales...
2026-05-19 13:37:06,823 | INFO | ============================================================
2026-05-19 13:37:06,823 | INFO | SCRAPER CORE - INICIANDO BARRIDO
2026-05-19 13:37:06,823 | INFO | ============================================================
2026-05-19 13:37:06,824 | INFO | Scraping GIZ...
2026-05-19 13:37:08,626 | ERROR | Error en scraper GIZ: no such column: externo_id
2026-05-19 13:37:08,627 | INFO | Scraping BID...
2026-05-19 13:37:09,188 | INFO | Scraping PNUD...
2026-05-19 13:37:09,989 | INFO | Scraping USAID...
2026-05-19 13:37:11,903 | INFO | Scraping CAF...
2026-05-19 13:37:12,260 | WARNING | CAF scrap error (https://www.caf.com/es/convocatorias/): HTTPSConnectionPool(host='www.caf.com', port=443): Max retries exceeded with url: /es/convocatorias/ (Caused by SSLError(SSLCertVerificationError(1, '[SSL: CERTIFICATE_VERIFY_FAILED] certificate verify failed: unable to get local issuer certificate (_ssl.c:1081)')))
2026-05-19 13:37:12,571 | WARNING | CAF scrap error (https://www.caf.com/en/projects/): HTTPSConnectionPool(host='www.caf.com', port=443): Max retries exceeded with url: /en/projects/ (Caused by SSLError(SSLCertVerificationError(1, '[SSL: CERTIFICATE_VERIFY_FAILED] certificate verify failed: unable to get local issuer certificate (_ssl.c:1081)')))
2026-05-19 13:37:12,571 | INFO | ============================================================
2026-05-19 13:37:12,572 | INFO | BARRIDO COMPLETADO: 2 extraidos, 0 nuevos
2026-05-19 13:37:12,572 | INFO | ============================================================
2026-05-19 13:37:12,573 | INFO | [Engine] Sin nuevas convocatorias en este ciclo
2026-05-19 13:47:12,586 | INFO | [Engine] Iniciando barrido de portales internacionales...
2026-05-19 13:47:12,588 | INFO | ============================================================
2026-05-19 13:47:12,588 | INFO | SCRAPER CORE - INICIANDO BARRIDO
2026-05-19 13:47:12,589 | INFO | ============================================================
2026-05-19 13:47:12,589 | INFO | Scraping GIZ...
2026-05-19 13:47:14,743 | ERROR | Error en scraper GIZ: no such column: externo_id
2026-05-19 13:47:14,743 | INFO | Scraping BID...
2026-05-19 13:47:15,240 | INFO | Scraping PNUD...
2026-05-19 13:47:16,229 | INFO | Scraping USAID...
2026-05-19 13:47:18,334 | INFO | Scraping CAF...
2026-05-19 13:47:18,793 | WARNING | CAF scrap error (https://www.caf.com/es/convocatorias/): HTTPSConnectionPool(host='www.caf.com', port=443): Max retries exceeded with url: /es/convocatorias/ (Caused by SSLError(SSLCertVerificationError(1, '[SSL: CERTIFICATE_VERIFY_FAILED] certificate verify failed: unable to get local issuer certificate (_ssl.c:1081)')))
2026-05-19 13:47:19,123 | WARNING | CAF scrap error (https://www.caf.com/en/projects/): HTTPSConnectionPool(host='www.caf.com', port=443): Max retries exceeded with url: /en/projects/ (Caused by SSLError(SSLCertVerificationError(1, '[SSL: CERTIFICATE_VERIFY_FAILED] certificate verify failed: unable to get local issuer certificate (_ssl.c:1081)')))
2026-05-19 13:47:19,123 | INFO | ============================================================
2026-05-19 13:47:19,124 | INFO | BARRIDO COMPLETADO: 2 extraidos, 0 nuevos
2026-05-19 13:47:19,124 | INFO | ============================================================
2026-05-19 13:47:19,124 | INFO | [Engine] Sin nuevas convocatorias en este ciclo
